ERROR LOG
==================================================
==================================================

2023-11-03 02:15:39.117537

Attempted to create Ruth deck. Missing words:

Ἰουδά
Αβιμελεχ
Νωεμιν
Μααλων
Χελαιων
Εφραθαῖος
Ορφα
ὑμῶν
ἐμοῦ
ὑμῖν
ὑμᾶς
ἐμοί
συννυμφός
Πικράν
Βοόζ
ἅπτομαι
φάγω
ἡμῖν
ἡμᾶς
ἡμῶν
Εφραθα
Θάμαρ
Δαβίδ
Ἐσρώμ
Αρραν

==================================================

2023-11-03 02:30:43.319819

Attempted to create Ruth deck. Missing words:

Βαιθλεεμ
Ἰουδά
Μωαβ
Αβιμελεχ
Νωεμιν
Μααλων
Χελαιων
Εφραθαῖος
Ορφα
ὥς
ὑμῶν
ἐμοῦ
ὑμῖν
ὑμᾶς
ἐμοί
συννυμφός
Πικράν
Βοόζ
ἅπτομαι
φάγω
ἡμῖν
ἡμᾶς
ἡμῶν
Λεια
Εφραθα
Θάμαρ
Δαβίδ
Ἐσρώμ
Αρραν
Σαλμαν

==================================================

2023-11-03 02:34:56.821654

Attempted to create Psalms deck. Missing words:

ὥς
ἐκριπτέω
ἡμῶν
μέ
μου
σέ
ἐμοῦ
σοί
Δαβίδ
Αβεσσαλωμ
ἐμέ
μοι
ματαίως
ὑμῶν
ἡμῖν
ἡμᾶς
Χουσι
Ιεμενι
ἐμοί
ἑπταπλασίως
σκέπης
ἑτοίμος
φάγω
Καδης
θυαμαστόω
διασκεδάζω
Αβιμελεχ
ἐλάσσω
ὑμᾶς
κρεῖσσον
καταρράσσω
ἐγκατάλειιμα
ψύα
ἔγγιστα
Ιδιθουν
κωφάω
μέντοιγε
Κορέ
Ερμωνιιμ
ψάλω
συνετῶς
Θαρσις
πτέρνη
παρασυμβάλλομαι
διατίθεμαι
Νάθαν
Βηρσαβεε
Ἱερουσαλήμ
Δωηκ
Ιδουμαῖος
μαελεθ
σαουλ
Γεθ
ἐπᾴδω
Σωβα
Ιωαβ
Μωαβ
ἐξασθενέω
Ἱερεμίας
Ιεζεκιηλ
Σελμων
Βασαν
Ἰουδά
ἀποτίννυμι
Ιωναδαβ
μεγαλοσύνη
Σαβα
Ηθαμ
ἐνθυμίου
Μωσεύς
Χαμ
Σηλωμ
μονιός
Ισμαηλίτης
Αγαρηνός
Γεβαλ
Αμμων
Αμαληκ
Ασσουρ
Σισαρα
Ιαβιν
Κισων
Αενδωρ
Ωρηβ
Ζηβ
Ζεβεε
Σαλμανα
Αιμαν
Αιθαν
ἐνδοξάζω
Θαβωρ
κερατίνη
εὐΐλατος
σκαμβή
λάθρα
χοιρογρύλλιον
κοιτάζομαι
ἅπτομαι
ἀλληλούϊα
Δαθαν
Αβιρων
Χωρηβ
ἐπιθυμητή
Βεελφεγωρ
Φινεες
στείρος
αλφ
βηθ
γιμαλ
δελθ
ϝʹ
ουαυ
ζαι
ηθ
τηθ
ιωθ
χαφ
λαβδ
δοῦλον
μημ
νουν
ἀντάμειψις
σαμχ
ιϝʹ
αιν
φη
σαδη
κωφ
ρης
καʹ
σεν
κβʹ
θαυ
οἴμμοι
Κηδαρ
ὑμῖν
τεκταίνω
ταπεινφρονέω
Εφραθα
Αερμων
Σηων
Ωγ
Λευΐ
Εδωμ
φοβερῶς
θηρεύσω
ἀκηδιάζω
Γολιαδ
Αγγαιας
πνεύω
ῥυέω
καρποφόρον
ὕψωσις
εὐήχος

==================================================

2023-11-05 15:25:58.374044

Attempted to create Revelation 9 deck. Missing words:

ἱππικόν

==================================================

2023-11-05 15:28:19.262513

Attempted to create Revelation 11 deck. Missing words:

εἴκοσι(ν)

==================================================

2023-11-05 15:31:16.908304

Attempted to create Revelation deck. Missing words:

εἰδωλόθυτον
εἴκοσι(ν)
ἱππικόν

==================================================

2023-11-07 13:10:59.783797

Attempted to create 2 John deck. Missing words:

ὁ
πρεσβύτερος
ἐκλεκτός
κυρία
καί
τέκνον
αὐτός
ὅς
ἐγώ
ἀγαπάω
ἐν
ἀλήθεια
οὐ
μόνος
ἀλλά
πᾶς
γινώσκω
διά
μένω
μετά
εἰμί
εἰς
αἰών
χάρις
ἔλεος
εἰρήνη
παρά
θεός
πατήρ
Ἰησοῦς
Χριστός
υἱός
ἀγάπη
χαίρω
λίαν
ὅτι
εὑρίσκω
ἐκ
σύ
περιπατέω
καθώς
ἐντολή
λαμβάνω
νῦν
ἐρωτάω
ὡς
καινός
γράφω
ἔχω
ἀπό
ἀρχή
ἵνα
ἀλλήλων
οὗτος
κατά
ἀκούω
πολύς
πλάνος
ἐξέρχομαι
κόσμος
μή
ὁμολογέω
ἔρχομαι
σάρξ
ἀντίχριστος
βλέπω
ἑαυτοῦ
ἀπόλλυμι
ἐργάζομαι
μισθός
πλήρης
ἀπολαμβάνω
προάγω
διδαχή
εἰ
τις
πρός
φέρω
οἰκία
λέγω
γάρ
κοινωνέω
ἔργον
πονηρός
βούλομαι
χάρτης
μέλαν
ἐλπίζω
γίνομαι
στόμα
λαλέω
χαρά
πληρόω
ἀσπάζομαι
ἀδελφή

==================================================

2023-11-07 13:21:01.727074

Attempted to create 2 John deck. Missing words:

ὁ
πρεσβύτερος
ἐκλεκτός
κυρία
καί
τέκνον
αὐτός
ὅς
ἐγώ
ἀγαπάω
ἐν
ἀλήθεια
οὐ
μόνος
ἀλλά
πᾶς
γινώσκω
διά
μένω
μετά
εἰμί
εἰς
αἰών
χάρις
ἔλεος
εἰρήνη
παρά
θεός
πατήρ
Ἰησοῦς
Χριστός
υἱός
ἀγάπη
χαίρω
λίαν
ὅτι
εὑρίσκω
ἐκ
σύ
περιπατέω
καθώς
ἐντολή
λαμβάνω
νῦν
ἐρωτάω
ὡς
καινός
γράφω
ἔχω
ἀπό
ἀρχή
ἵνα
ἀλλήλων
οὗτος
κατά
ἀκούω
πολύς
πλάνος
ἐξέρχομαι
κόσμος
μή
ὁμολογέω
ἔρχομαι
σάρξ
ἀντίχριστος
βλέπω
ἑαυτοῦ
ἀπόλλυμι
ἐργάζομαι
μισθός
πλήρης
ἀπολαμβάνω
προάγω
διδαχή
εἰ
τις
πρός
φέρω
οἰκία
λέγω
γάρ
κοινωνέω
ἔργον
πονηρός
βούλομαι
χάρτης
μέλαν
ἐλπίζω
γίνομαι
στόμα
λαλέω
χαρά
πληρόω
ἀσπάζομαι
ἀδελφή

==================================================

2023-11-07 13:28:27.395980

Attempted to create 2 John deck. Missing words:

ὁ
πρεσβύτερος
ἐκλεκτός
κυρία
καί
τέκνον
αὐτός
ὅς
ἐγώ
ἀγαπάω
ἐν
ἀλήθεια
οὐ
μόνος
ἀλλά
πᾶς
γινώσκω
διά
μένω
μετά
εἰμί
εἰς
αἰών
χάρις
ἔλεος
εἰρήνη
παρά
θεός
πατήρ
Ἰησοῦς
Χριστός
υἱός
ἀγάπη
χαίρω
λίαν
ὅτι
εὑρίσκω
ἐκ
σύ
περιπατέω
καθώς
ἐντολή
λαμβάνω
νῦν
ἐρωτάω
ὡς
καινός
γράφω
ἔχω
ἀπό
ἀρχή
ἵνα
ἀλλήλων
οὗτος
κατά
ἀκούω
πολύς
πλάνος
ἐξέρχομαι
κόσμος
μή
ὁμολογέω
ἔρχομαι
σάρξ
ἀντίχριστος
βλέπω
ἑαυτοῦ
ἀπόλλυμι
ἐργάζομαι
μισθός
πλήρης
ἀπολαμβάνω
προάγω
διδαχή
εἰ
τις
πρός
φέρω
οἰκία
λέγω
γάρ
κοινωνέω
ἔργον
πονηρός
βούλομαι
χάρτης
μέλαν
ἐλπίζω
γίνομαι
στόμα
λαλέω
χαρά
πληρόω
ἀσπάζομαι
ἀδελφή

==================================================

2023-11-07 13:32:59.427345

Attempted to create 2 John deck. Missing words:

ὁ
πρεσβύτερος
ἐκλεκτός
κυρία
καί
τέκνον
αὐτός
ὅς
ἐγώ
ἀγαπάω
ἐν
ἀλήθεια
οὐ
μόνος
ἀλλά
πᾶς
γινώσκω
διά
μένω
μετά
εἰμί
εἰς
αἰών
χάρις
ἔλεος
εἰρήνη
παρά
θεός
πατήρ
Ἰησοῦς
Χριστός
υἱός
ἀγάπη
χαίρω
λίαν
ὅτι
εὑρίσκω
ἐκ
σύ
περιπατέω
καθώς
ἐντολή
λαμβάνω
νῦν
ἐρωτάω
ὡς
καινός
γράφω
ἔχω
ἀπό
ἀρχή
ἵνα
ἀλλήλων
οὗτος
κατά
ἀκούω
πολύς
πλάνος
ἐξέρχομαι
κόσμος
μή
ὁμολογέω
ἔρχομαι
σάρξ
ἀντίχριστος
βλέπω
ἑαυτοῦ
ἀπόλλυμι
ἐργάζομαι
μισθός
πλήρης
ἀπολαμβάνω
προάγω
διδαχή
εἰ
τις
πρός
φέρω
οἰκία
λέγω
γάρ
κοινωνέω
ἔργον
πονηρός
βούλομαι
χάρτης
μέλαν
ἐλπίζω
γίνομαι
στόμα
λαλέω
χαρά
πληρόω
ἀσπάζομαι
ἀδελφή

==================================================

2023-11-07 13:37:29.700828

Attempted to create 2 John deck. Missing words:

καί
ἐγώ
ἀγαπάω
ἐν
ἀλλά
γινώσκω
μένω
εἰμί
εἰς
χαίρω
λίαν
ὅτι
εὑρίσκω
σύ
περιπατέω
καθώς
λαμβάνω
νῦν
ἐρωτάω
ὡς
γράφω
ἔχω
ἵνα
ἀκούω
ἐξέρχομαι
μή
ὁμολογέω
ἔρχομαι
βλέπω
ἀπόλλυμι
ἐργάζομαι
ἀπολαμβάνω
προάγω
εἰ
τις
φέρω
λέγω
γάρ
κοινωνέω
βούλομαι
μέλαν
ἐλπίζω
γίνομαι
λαλέω
πληρόω
ἀσπάζομαι

==================================================

2023-11-07 14:28:17.608475

Attempted to create 2 John deck. Missing words:

καί
ἐγώ
ἀγαπάω
ἐν
ἀλλά
γινώσκω
μένω
εἰμί
εἰς
χαίρω
λίαν
ὅτι
εὑρίσκω
σύ
περιπατέω
καθώς
λαμβάνω
νῦν
ἐρωτάω
ὡς
γράφω
ἔχω
ἵνα
ἀκούω
ἐξέρχομαι
μή
ὁμολογέω
ἔρχομαι
βλέπω
ἀπόλλυμι
ἐργάζομαι
ἀπολαμβάνω
προάγω
εἰ
τις
φέρω
λέγω
γάρ
κοινωνέω
βούλομαι
μέλαν
ἐλπίζω
γίνομαι
λαλέω
πληρόω
ἀσπάζομαι

==================================================

2023-11-07 23:13:08.842469

Attempted to create 2 John deck. Missing words:

ὁ
πρεσβύτερος
ἐκλεκτός
κυρία
καί
τέκνον
αὐτός
ὅς
ἐγώ
ἀγαπάω
ἐν
ἀλήθεια
οὐ
μόνος
ἀλλά
πᾶς
γινώσκω
διά
μένω
μετά
εἰμί
εἰς
αἰών
χάρις
ἔλεος
εἰρήνη
παρά
θεός
πατήρ
Ἰησοῦς
Χριστός
υἱός
ἀγάπη
χαίρω
λίαν
ὅτι
εὑρίσκω
ἐκ
σύ
περιπατέω
καθώς
ἐντολή
λαμβάνω
νῦν
ἐρωτάω
ὡς
καινός
γράφω
ἔχω
ἀπό
ἀρχή
ἵνα
ἀλλήλων
οὗτος
κατά
ἀκούω
πολύς
πλάνος
ἐξέρχομαι
κόσμος
μή
ὁμολογέω
ἔρχομαι
σάρξ
ἀντίχριστος
βλέπω
ἑαυτοῦ
ἀπόλλυμι
ἐργάζομαι
μισθός
πλήρης
ἀπολαμβάνω
προάγω
διδαχή
εἰ
τις
πρός
φέρω
οἰκία
λέγω
γάρ
κοινωνέω
ἔργον
πονηρός
βούλομαι
χάρτης
μέλαν
ἐλπίζω
γίνομαι
στόμα
λαλέω
χαρά
πληρόω
ἀσπάζομαι
ἀδελφή

==================================================

2023-11-07 23:22:13.998813

Attempted to create 2 John deck. Missing words:

τις
μέλαν

